<?xml version="1.0" encoding="UTF-8"?>
<!-- Generated by org.testng.reporters.JUnitReportReporter -->
<testsuite hostname="DESKTOP-NFU91QR" failures="0" tests="1" name="restAssuredPackage.GET_request2_staticImport_RestAssured" time="2.374" errors="0" timestamp="2022-06-15T12:36:04 IST" skipped="0">
  <testcase classname="restAssuredPackage.GET_request2_staticImport_RestAssured" name="GET_method" time="2.374"/>
  <system-out/>
</testsuite> <!-- restAssuredPackage.GET_request2_staticImport_RestAssured -->
