<?xml version="1.0" encoding="UTF-8"?>
<!-- Generated by org.testng.reporters.JUnitReportReporter -->
<testsuite hostname="DESKTOP-NFU91QR" failures="0" tests="1" name="restAssuredPackage.POSTwithOnlyJSONobject" time="2.918" errors="0" timestamp="2022-05-28T21:45:45 IST" skipped="0">
  <testcase classname="restAssuredPackage.POSTwithOnlyJSONobject" name="postWithMap" time="2.918"/>
  <system-out/>
</testsuite> <!-- restAssuredPackage.POSTwithOnlyJSONobject -->
