<?xml version="1.0" encoding="UTF-8"?>
<!-- Generated by org.testng.reporters.JUnitReportReporter -->
<testsuite hostname="DESKTOP-NFU91QR" failures="0" tests="1" name="restAssuredPackage.POSTwithMap" time="2.336" errors="0" timestamp="2022-05-27T23:43:10 IST" skipped="0">
  <testcase classname="restAssuredPackage.POSTwithMap" name="postWithMap" time="2.336"/>
  <system-out/>
</testsuite> <!-- restAssuredPackage.POSTwithMap -->
