<?xml version="1.0" encoding="UTF-8"?>
<!-- Generated by org.testng.reporters.JUnitReportReporter -->
<testsuite hostname="DESKTOP-NFU91QR" failures="0" tests="2" name="restAssuredPackage.MethodsUsingJsonServer" time="1.573" errors="0" timestamp="2022-05-28T23:12:49 IST" skipped="0">
  <testcase classname="restAssuredPackage.MethodsUsingJsonServer" name="GETmethod" time="1.477"/>
  <system-out/>
  <testcase classname="restAssuredPackage.MethodsUsingJsonServer" name="POSTmethod" time="0.096"/>
  <system-out/>
</testsuite> <!-- restAssuredPackage.MethodsUsingJsonServer -->
