<?xml version="1.0" encoding="UTF-8"?>
<!-- Generated by org.testng.reporters.JUnitReportReporter -->
<testsuite hostname="DESKTOP-NFU91QR" failures="0" tests="1" name="restAssuredPackage.JSONSchemaValidator" time="2.180" errors="0" timestamp="2022-06-16T18:36:12 IST" skipped="0">
  <testcase classname="restAssuredPackage.JSONSchemaValidator" name="jsonSchemaValidation" time="2.180"/>
  <system-out/>
</testsuite> <!-- restAssuredPackage.JSONSchemaValidator -->
